This file contains any messages produced by compilers while
running configure, to aid debugging if configure makes a mistake.

It was created by SHTns configure 3.4.5, which was
generated by GNU Autoconf 2.69.  Invocation command line was

  $ ./configure --enable-openmp --enable-magic-layout --prefix=/home/wulff/local --enable-ishioka --enable-mkl

## --------- ##
## Platform. ##
## --------- ##

hostname = helios2
uname -m = x86_64
uname -r = 4.12.14-95.24-default
uname -s = Linux
uname -v = #1 SMP Thu Jul 11 13:05:06 UTC 2019 (7b265b8)

/usr/bin/uname -p = x86_64
/bin/uname -X     = unknown

/bin/arch              = x86_64
/usr/bin/arch -k       = unknown
/usr/convex/getsysinfo = unknown
/usr/bin/hostinfo      = unknown
/bin/machine           = unknown
/usr/bin/oslevel       = unknown
/bin/universe          = unknown

PATH: /opt/local/mpi/openmpi/openmpi-4.0.1_intel-2019.4/bin
PATH: /opt/local/intel/ps_xe-2019.4/debugger_2019/gdb/intel64/bin
PATH: /opt/local/intel/ps_xe-2019.4/vtune_amplifier_2019.4.0.597835/bin64
PATH: /opt/local/intel/ps_xe-2019.4/inspector_2019.4.0.597413/bin64
PATH: /opt/local/intel/ps_xe-2019.4/advisor_2019.4.0.597843/bin64
PATH: /opt/local/intel/ps_xe-2019.4/compilers_and_libraries_2019.4.243/linux/bin/intel64
PATH: /opt/local/bin
PATH: /usr/local/bin
PATH: /usr/bin
PATH: /bin
PATH: /usr/games
PATH: /home/wulff/bin/
PATH: /home/wulff/magic6/magic/bin
PATH: /home/wulff/magic6/magic/src
PATH: /home/wulff/bin/


## ----------- ##
## Core tests. ##
## ----------- ##

configure:2386: checking for gcc
configure:2402: found /usr/bin/gcc
configure:2413: result: gcc
configure:2642: checking for C compiler version
configure:2651: gcc --version >&5
gcc (SUSE Linux) 4.8.5
Copyright (C) 2015 Free Software Foundation, Inc.
This is free software; see the source for copying conditions.  There is NO
warranty; not even for MERCHANTABILITY or FITNESS FOR A PARTICULAR PURPOSE.

configure:2662: $? = 0
configure:2651: gcc -v >&5
Using built-in specs.
COLLECT_GCC=gcc
COLLECT_LTO_WRAPPER=/usr/lib64/gcc/x86_64-suse-linux/4.8/lto-wrapper
Target: x86_64-suse-linux
Configured with: ../configure --prefix=/usr --infodir=/usr/share/info --mandir=/usr/share/man --libdir=/usr/lib64 --libexecdir=/usr/lib64 --enable-languages=c,c++,objc,fortran,obj-c++,java,ada --enable-checking=release --with-gxx-include-dir=/usr/include/c++/4.8 --enable-ssp --disable-libssp --disable-plugin --with-bugurl=https://bugs.opensuse.org/ --with-pkgversion='SUSE Linux' --disable-libgcj --disable-libmudflap --with-slibdir=/lib64 --with-system-zlib --enable-__cxa_atexit --enable-libstdcxx-allocator=new --disable-libstdcxx-pch --enable-version-specific-runtime-libs --enable-linker-build-id --enable-linux-futex --program-suffix=-4.8 --without-system-libunwind --with-arch-32=i586 --with-tune=generic --build=x86_64-suse-linux --host=x86_64-suse-linux
Thread model: posix
gcc version 4.8.5 (SUSE Linux) 
configure:2662: $? = 0
configure:2651: gcc -V >&5
gcc: error: unrecognized command line option '-V'
gcc: fatal error: no input files
compilation terminated.
configure:2662: $? = 1
configure:2651: gcc -qversion >&5
gcc: error: unrecognized command line option '-qversion'
gcc: fatal error: no input files
compilation terminated.
configure:2662: $? = 1
configure:2682: checking whether the C compiler works
configure:2704: gcc -O2 -I/home/wulff/local/include -L/home/wulff/local/lib   conftest.c  >&5
configure:2708: $? = 0
configure:2756: result: yes
configure:2759: checking for C compiler default output file name
configure:2761: result: a.out
configure:2767: checking for suffix of executables
configure:2774: gcc -o conftest -O2 -I/home/wulff/local/include -L/home/wulff/local/lib   conftest.c  >&5
configure:2778: $? = 0
configure:2800: result: 
configure:2822: checking whether we are cross compiling
configure:2830: gcc -o conftest -O2 -I/home/wulff/local/include -L/home/wulff/local/lib   conftest.c  >&5
configure:2834: $? = 0
configure:2841: ./conftest
configure:2845: $? = 0
configure:2860: result: no
configure:2865: checking for suffix of object files
configure:2887: gcc -c -O2 -I/home/wulff/local/include -L/home/wulff/local/lib  conftest.c >&5
configure:2891: $? = 0
configure:2912: result: o
configure:2916: checking whether we are using the GNU C compiler
configure:2935: gcc -c -O2 -I/home/wulff/local/include -L/home/wulff/local/lib  conftest.c >&5
configure:2935: $? = 0
configure:2944: result: yes
configure:2953: checking whether gcc accepts -g
configure:2973: gcc -c -g  conftest.c >&5
configure:2973: $? = 0
configure:3014: result: yes
configure:3031: checking for gcc option to accept ISO C89
configure:3094: gcc  -c -O2 -I/home/wulff/local/include -L/home/wulff/local/lib  conftest.c >&5
configure:3094: $? = 0
configure:3107: result: none needed
configure:3127: checking for gcc option to accept ISO C99
configure:3276: gcc  -c -O2 -I/home/wulff/local/include -L/home/wulff/local/lib  conftest.c >&5
conftest.c:59:29: error: expected ';', ',' or ')' before 'text'
 test_restrict (ccp restrict text)
                             ^
conftest.c: In function 'main':
conftest.c:113:18: error: expected '=', ',', ';', 'asm' or '__attribute__' before 'newvar'
   char *restrict newvar = "Another string";
                  ^
conftest.c:113:18: error: 'newvar' undeclared (first use in this function)
conftest.c:113:18: note: each undeclared identifier is reported only once for each function it appears in
conftest.c:123:3: error: 'for' loop initial declarations are only allowed in C99 mode
   for (int i = 0; i < ia->datasize; ++i)
   ^
conftest.c:123:3: note: use option -std=c99 or -std=gnu99 to compile your code
configure:3276: $? = 1
configure: failed program was:
| /* confdefs.h */
| #define PACKAGE_NAME "SHTns"
| #define PACKAGE_TARNAME "shtns"
| #define PACKAGE_VERSION "3.4.5"
| #define PACKAGE_STRING "SHTns 3.4.5"
| #define PACKAGE_BUGREPORT ""
| #define PACKAGE_URL "https://bitbucket.org/nschaeff/shtns"
| /* end confdefs.h.  */
| #include <stdarg.h>
| #include <stdbool.h>
| #include <stdlib.h>
| #include <wchar.h>
| #include <stdio.h>
| 
| // Check varargs macros.  These examples are taken from C99 6.10.3.5.
| #define debug(...) fprintf (stderr, __VA_ARGS__)
| #define showlist(...) puts (#__VA_ARGS__)
| #define report(test,...) ((test) ? puts (#test) : printf (__VA_ARGS__))
| static void
| test_varargs_macros (void)
| {
|   int x = 1234;
|   int y = 5678;
|   debug ("Flag");
|   debug ("X = %d\n", x);
|   showlist (The first, second, and third items.);
|   report (x>y, "x is %d but y is %d", x, y);
| }
| 
| // Check long long types.
| #define BIG64 18446744073709551615ull
| #define BIG32 4294967295ul
| #define BIG_OK (BIG64 / BIG32 == 4294967297ull && BIG64 % BIG32 == 0)
| #if !BIG_OK
|   your preprocessor is broken;
| #endif
| #if BIG_OK
| #else
|   your preprocessor is broken;
| #endif
| static long long int bignum = -9223372036854775807LL;
| static unsigned long long int ubignum = BIG64;
| 
| struct incomplete_array
| {
|   int datasize;
|   double data[];
| };
| 
| struct named_init {
|   int number;
|   const wchar_t *name;
|   double average;
| };
| 
| typedef const char *ccp;
| 
| static inline int
| test_restrict (ccp restrict text)
| {
|   // See if C++-style comments work.
|   // Iterate through items via the restricted pointer.
|   // Also check for declarations in for loops.
|   for (unsigned int i = 0; *(text+i) != '\0'; ++i)
|     continue;
|   return 0;
| }
| 
| // Check varargs and va_copy.
| static void
| test_varargs (const char *format, ...)
| {
|   va_list args;
|   va_start (args, format);
|   va_list args_copy;
|   va_copy (args_copy, args);
| 
|   const char *str;
|   int number;
|   float fnumber;
| 
|   while (*format)
|     {
|       switch (*format++)
| 	{
| 	case 's': // string
| 	  str = va_arg (args_copy, const char *);
| 	  break;
| 	case 'd': // int
| 	  number = va_arg (args_copy, int);
| 	  break;
| 	case 'f': // float
| 	  fnumber = va_arg (args_copy, double);
| 	  break;
| 	default:
| 	  break;
| 	}
|     }
|   va_end (args_copy);
|   va_end (args);
| }
| 
| int
| main ()
| {
| 
|   // Check bool.
|   _Bool success = false;
| 
|   // Check restrict.
|   if (test_restrict ("String literal") == 0)
|     success = true;
|   char *restrict newvar = "Another string";
| 
|   // Check varargs.
|   test_varargs ("s, d' f .", "string", 65, 34.234);
|   test_varargs_macros ();
| 
|   // Check flexible array members.
|   struct incomplete_array *ia =
|     malloc (sizeof (struct incomplete_array) + (sizeof (double) * 10));
|   ia->datasize = 10;
|   for (int i = 0; i < ia->datasize; ++i)
|     ia->data[i] = i * 1.234;
| 
|   // Check named initializers.
|   struct named_init ni = {
|     .number = 34,
|     .name = L"Test wide string",
|     .average = 543.34343,
|   };
| 
|   ni.number = 58;
| 
|   int dynamic_array[ni.number];
|   dynamic_array[ni.number - 1] = 543;
| 
|   // work around unused variable warnings
|   return (!success || bignum == 0LL || ubignum == 0uLL || newvar[0] == 'x'
| 	  || dynamic_array[ni.number - 1] != 543);
| 
|   ;
|   return 0;
| }
configure:3276: gcc -std=gnu99 -c -O2 -I/home/wulff/local/include -L/home/wulff/local/lib  conftest.c >&5
configure:3276: $? = 0
configure:3296: result: -std=gnu99
configure:3304: checking for a sed that does not truncate output
configure:3368: result: /usr/bin/sed
configure:3395: checking whether gcc accepts -march=native
configure:3410: gcc -c -O2 -I/home/wulff/local/include -L/home/wulff/local/lib -march=native  conftest.c >&5
configure:3410: $? = 0
configure:3412: result: yes
configure:3425: checking whether gcc accepts -mtune=skylake
configure:3440: gcc -c -O2 -I/home/wulff/local/include -L/home/wulff/local/lib -march=native -mtune=skylake  conftest.c >&5
conftest.c:1:0: error: bad value (skylake) for -mtune= switch
 /* confdefs.h */
 ^
configure:3440: $? = 1
configure: failed program was:
| /* confdefs.h */
| #define PACKAGE_NAME "SHTns"
| #define PACKAGE_TARNAME "shtns"
| #define PACKAGE_VERSION "3.4.5"
| #define PACKAGE_STRING "SHTns 3.4.5"
| #define PACKAGE_BUGREPORT ""
| #define PACKAGE_URL "https://bitbucket.org/nschaeff/shtns"
| /* end confdefs.h.  */
| 
| int
| main ()
| {
| 
|   ;
|   return 0;
| }
configure:3447: result: no
configure:3455: checking whether gcc accepts -qopt-zmm-usage=high
configure:3470: gcc -c -O2 -I/home/wulff/local/include -L/home/wulff/local/lib -march=native -qopt-zmm-usage=high  conftest.c >&5
gcc: error: unrecognized command line option '-qopt-zmm-usage=high'
configure:3470: $? = 1
configure: failed program was:
| /* confdefs.h */
| #define PACKAGE_NAME "SHTns"
| #define PACKAGE_TARNAME "shtns"
| #define PACKAGE_VERSION "3.4.5"
| #define PACKAGE_STRING "SHTns 3.4.5"
| #define PACKAGE_BUGREPORT ""
| #define PACKAGE_URL "https://bitbucket.org/nschaeff/shtns"
| /* end confdefs.h.  */
| 
| int
| main ()
| {
| 
|   ;
|   return 0;
| }
configure:3477: result: no
configure:3551: checking whether gcc accepts -ffast-math
configure:3566: gcc -c -O2 -I/home/wulff/local/include -L/home/wulff/local/lib -march=native -O3 -ffast-math  conftest.c >&5
configure:3566: $? = 0
configure:3568: result: yes
configure:3580: checking whether gcc accepts -std=gnu99
configure:3595: gcc -c -O2 -I/home/wulff/local/include -L/home/wulff/local/lib -march=native -O3 -ffast-math -std=gnu99  conftest.c >&5
configure:3595: $? = 0
configure:3597: result: yes
configure:3609: checking whether gcc accepts -fopenmp-simd
configure:3624: gcc -c -O2 -I/home/wulff/local/include -L/home/wulff/local/lib -march=native -O3 -ffast-math -std=gnu99 -fopenmp-simd  conftest.c >&5
gcc: error: unrecognized command line option '-fopenmp-simd'
configure:3624: $? = 1
configure: failed program was:
| /* confdefs.h */
| #define PACKAGE_NAME "SHTns"
| #define PACKAGE_TARNAME "shtns"
| #define PACKAGE_VERSION "3.4.5"
| #define PACKAGE_STRING "SHTns 3.4.5"
| #define PACKAGE_BUGREPORT ""
| #define PACKAGE_URL "https://bitbucket.org/nschaeff/shtns"
| /* end confdefs.h.  */
| 
| int
| main ()
| {
| 
|   ;
|   return 0;
| }
configure:3631: result: no
configure:3638: checking whether gcc accepts -qopenmp-simd
configure:3653: gcc -c -O2 -I/home/wulff/local/include -L/home/wulff/local/lib -march=native -O3 -ffast-math -std=gnu99 -qopenmp-simd  conftest.c >&5
gcc: error: unrecognized command line option '-qopenmp-simd'
configure:3653: $? = 1
configure: failed program was:
| /* confdefs.h */
| #define PACKAGE_NAME "SHTns"
| #define PACKAGE_TARNAME "shtns"
| #define PACKAGE_VERSION "3.4.5"
| #define PACKAGE_STRING "SHTns 3.4.5"
| #define PACKAGE_BUGREPORT ""
| #define PACKAGE_URL "https://bitbucket.org/nschaeff/shtns"
| /* end confdefs.h.  */
| 
| int
| main ()
| {
| 
|   ;
|   return 0;
| }
configure:3660: result: no
configure:3668: checking whether gcc accepts -fno-tree-loop-distribute-patterns
configure:3683: gcc -c -O2 -I/home/wulff/local/include -L/home/wulff/local/lib -march=native -O3 -ffast-math -std=gnu99 -fno-tree-loop-distribute-patterns  conftest.c >&5
configure:3683: $? = 0
configure:3685: result: yes
configure:3698: checking whether gcc accepts -mno-vzeroupper
configure:3713: gcc -c -O2 -I/home/wulff/local/include -L/home/wulff/local/lib -march=native -O3 -ffast-math -std=gnu99 -fno-tree-loop-distribute-patterns -mno-vzeroupper  conftest.c >&5
configure:3713: $? = 0
configure:3715: result: yes
configure:3777: checking whether gcc -std=gnu99 accepts -march=native
configure:3792: gcc -std=gnu99 -c -O2 -I/home/wulff/local/include -L/home/wulff/local/lib -march=native  conftest.c >&5
configure:3792: $? = 0
configure:3794: result: yes
configure:3807: checking whether gcc -std=gnu99 accepts -mtune=skylake
configure:3822: gcc -std=gnu99 -c -O2 -I/home/wulff/local/include -L/home/wulff/local/lib -march=native -mtune=skylake  conftest.c >&5
conftest.c:1:0: error: bad value (skylake) for -mtune= switch
 /* confdefs.h */
 ^
configure:3822: $? = 1
configure: failed program was:
| /* confdefs.h */
| #define PACKAGE_NAME "SHTns"
| #define PACKAGE_TARNAME "shtns"
| #define PACKAGE_VERSION "3.4.5"
| #define PACKAGE_STRING "SHTns 3.4.5"
| #define PACKAGE_BUGREPORT ""
| #define PACKAGE_URL "https://bitbucket.org/nschaeff/shtns"
| /* end confdefs.h.  */
| 
| int
| main ()
| {
| 
|   ;
|   return 0;
| }
configure:3829: result: no
configure:3837: checking whether gcc -std=gnu99 accepts -qopt-zmm-usage=high
configure:3852: gcc -std=gnu99 -c -O2 -I/home/wulff/local/include -L/home/wulff/local/lib -march=native -qopt-zmm-usage=high  conftest.c >&5
gcc: error: unrecognized command line option '-qopt-zmm-usage=high'
configure:3852: $? = 1
configure: failed program was:
| /* confdefs.h */
| #define PACKAGE_NAME "SHTns"
| #define PACKAGE_TARNAME "shtns"
| #define PACKAGE_VERSION "3.4.5"
| #define PACKAGE_STRING "SHTns 3.4.5"
| #define PACKAGE_BUGREPORT ""
| #define PACKAGE_URL "https://bitbucket.org/nschaeff/shtns"
| /* end confdefs.h.  */
| 
| int
| main ()
| {
| 
|   ;
|   return 0;
| }
configure:3859: result: no
configure:3940: checking whether gcc -std=gnu99 accepts -ffast-math
configure:3955: gcc -std=gnu99 -c -O2 -I/home/wulff/local/include -L/home/wulff/local/lib -march=native -ffast-math  conftest.c >&5
configure:3955: $? = 0
configure:3957: result: yes
configure:3969: checking whether gcc -std=gnu99 accepts -std=gnu99
configure:3984: gcc -std=gnu99 -c -O2 -I/home/wulff/local/include -L/home/wulff/local/lib -march=native -ffast-math -std=gnu99  conftest.c >&5
configure:3984: $? = 0
configure:3986: result: yes
configure:4004: checking how to run the C preprocessor
configure:4035: gcc -std=gnu99 -E  conftest.c
configure:4035: $? = 0
configure:4049: gcc -std=gnu99 -E  conftest.c
conftest.c:9:28: fatal error: ac_nonexistent.h: No such file or directory
 #include <ac_nonexistent.h>
                            ^
compilation terminated.
configure:4049: $? = 1
configure: failed program was:
| /* confdefs.h */
| #define PACKAGE_NAME "SHTns"
| #define PACKAGE_TARNAME "shtns"
| #define PACKAGE_VERSION "3.4.5"
| #define PACKAGE_STRING "SHTns 3.4.5"
| #define PACKAGE_BUGREPORT ""
| #define PACKAGE_URL "https://bitbucket.org/nschaeff/shtns"
| /* end confdefs.h.  */
| #include <ac_nonexistent.h>
configure:4074: result: gcc -std=gnu99 -E
configure:4094: gcc -std=gnu99 -E  conftest.c
configure:4094: $? = 0
configure:4108: gcc -std=gnu99 -E  conftest.c
conftest.c:9:28: fatal error: ac_nonexistent.h: No such file or directory
 #include <ac_nonexistent.h>
                            ^
compilation terminated.
configure:4108: $? = 1
configure: failed program was:
| /* confdefs.h */
| #define PACKAGE_NAME "SHTns"
| #define PACKAGE_TARNAME "shtns"
| #define PACKAGE_VERSION "3.4.5"
| #define PACKAGE_STRING "SHTns 3.4.5"
| #define PACKAGE_BUGREPORT ""
| #define PACKAGE_URL "https://bitbucket.org/nschaeff/shtns"
| /* end confdefs.h.  */
| #include <ac_nonexistent.h>
configure:4137: checking for grep that handles long lines and -e
configure:4195: result: /usr/bin/grep
configure:4200: checking for egrep
configure:4262: result: /usr/bin/grep -E
configure:4267: checking for ANSI C header files
configure:4287: gcc -std=gnu99 -c -O2 -I/home/wulff/local/include -L/home/wulff/local/lib -march=native -ffast-math -std=gnu99  conftest.c >&5
configure:4287: $? = 0
configure:4360: gcc -std=gnu99 -o conftest -O2 -I/home/wulff/local/include -L/home/wulff/local/lib -march=native -ffast-math -std=gnu99   conftest.c  >&5
configure:4360: $? = 0
configure:4360: ./conftest
configure:4360: $? = 0
configure:4371: result: yes
configure:4384: checking for sys/types.h
configure:4384: gcc -std=gnu99 -c -O2 -I/home/wulff/local/include -L/home/wulff/local/lib -march=native -ffast-math -std=gnu99  conftest.c >&5
configure:4384: $? = 0
configure:4384: result: yes
configure:4384: checking for sys/stat.h
configure:4384: gcc -std=gnu99 -c -O2 -I/home/wulff/local/include -L/home/wulff/local/lib -march=native -ffast-math -std=gnu99  conftest.c >&5
configure:4384: $? = 0
configure:4384: result: yes
configure:4384: checking for stdlib.h
configure:4384: gcc -std=gnu99 -c -O2 -I/home/wulff/local/include -L/home/wulff/local/lib -march=native -ffast-math -std=gnu99  conftest.c >&5
configure:4384: $? = 0
configure:4384: result: yes
configure:4384: checking for string.h
configure:4384: gcc -std=gnu99 -c -O2 -I/home/wulff/local/include -L/home/wulff/local/lib -march=native -ffast-math -std=gnu99  conftest.c >&5
configure:4384: $? = 0
configure:4384: result: yes
configure:4384: checking for memory.h
configure:4384: gcc -std=gnu99 -c -O2 -I/home/wulff/local/include -L/home/wulff/local/lib -march=native -ffast-math -std=gnu99  conftest.c >&5
configure:4384: $? = 0
configure:4384: result: yes
configure:4384: checking for strings.h
configure:4384: gcc -std=gnu99 -c -O2 -I/home/wulff/local/include -L/home/wulff/local/lib -march=native -ffast-math -std=gnu99  conftest.c >&5
configure:4384: $? = 0
configure:4384: result: yes
configure:4384: checking for inttypes.h
configure:4384: gcc -std=gnu99 -c -O2 -I/home/wulff/local/include -L/home/wulff/local/lib -march=native -ffast-math -std=gnu99  conftest.c >&5
configure:4384: $? = 0
configure:4384: result: yes
configure:4384: checking for stdint.h
configure:4384: gcc -std=gnu99 -c -O2 -I/home/wulff/local/include -L/home/wulff/local/lib -march=native -ffast-math -std=gnu99  conftest.c >&5
configure:4384: $? = 0
configure:4384: result: yes
configure:4384: checking for unistd.h
configure:4384: gcc -std=gnu99 -c -O2 -I/home/wulff/local/include -L/home/wulff/local/lib -march=native -ffast-math -std=gnu99  conftest.c >&5
configure:4384: $? = 0
configure:4384: result: yes
configure:4399: checking for stdlib.h
configure:4399: result: yes
configure:4399: checking stdio.h usability
configure:4399: gcc -std=gnu99 -c -O2 -I/home/wulff/local/include -L/home/wulff/local/lib -march=native -ffast-math -std=gnu99  conftest.c >&5
configure:4399: $? = 0
configure:4399: result: yes
configure:4399: checking stdio.h presence
configure:4399: gcc -std=gnu99 -E  conftest.c
configure:4399: $? = 0
configure:4399: result: yes
configure:4399: checking for stdio.h
configure:4399: result: yes
configure:4399: checking for string.h
configure:4399: result: yes
configure:4399: checking math.h usability
configure:4399: gcc -std=gnu99 -c -O2 -I/home/wulff/local/include -L/home/wulff/local/lib -march=native -ffast-math -std=gnu99  conftest.c >&5
configure:4399: $? = 0
configure:4399: result: yes
configure:4399: checking math.h presence
configure:4399: gcc -std=gnu99 -E  conftest.c
configure:4399: $? = 0
configure:4399: result: yes
configure:4399: checking for math.h
configure:4399: result: yes
configure:4399: checking complex.h usability
configure:4399: gcc -std=gnu99 -c -O2 -I/home/wulff/local/include -L/home/wulff/local/lib -march=native -ffast-math -std=gnu99  conftest.c >&5
configure:4399: $? = 0
configure:4399: result: yes
configure:4399: checking complex.h presence
configure:4399: gcc -std=gnu99 -E  conftest.c
configure:4399: $? = 0
configure:4399: result: yes
configure:4399: checking for complex.h
configure:4399: result: yes
configure:4411: checking for cos in -lm
configure:4436: gcc -std=gnu99 -o conftest -O2 -I/home/wulff/local/include -L/home/wulff/local/lib -march=native -ffast-math -std=gnu99   conftest.c -lm   >&5
conftest.c:31:6: warning: conflicting types for built-in function 'cos' [enabled by default]
 char cos ();
      ^
configure:4436: $? = 0
configure:4445: result: yes
configure:4490: checking for gcc -std=gnu99 option to support OpenMP
configure:4505: gcc -std=gnu99 -o conftest -O2 -I/home/wulff/local/include -L/home/wulff/local/lib -march=native -ffast-math -std=gnu99   conftest.c -lm  >&5
conftest.c:28:2: error: unknown type name 'choke'
  choke me
  ^
In file included from conftest.c:30:0:
/usr/lib64/gcc/x86_64-suse-linux/4.8/include/omp.h:34:1: error: expected '=', ',', ';', 'asm' or '__attribute__' before 'typedef'
 typedef struct
 ^
configure:4505: $? = 1
configure: failed program was:
| /* confdefs.h */
| #define PACKAGE_NAME "SHTns"
| #define PACKAGE_TARNAME "shtns"
| #define PACKAGE_VERSION "3.4.5"
| #define PACKAGE_STRING "SHTns 3.4.5"
| #define PACKAGE_BUGREPORT ""
| #define PACKAGE_URL "https://bitbucket.org/nschaeff/shtns"
| #define STDC_HEADERS 1
| #define HAVE_SYS_TYPES_H 1
| #define HAVE_SYS_STAT_H 1
| #define HAVE_STDLIB_H 1
| #define HAVE_STRING_H 1
| #define HAVE_MEMORY_H 1
| #define HAVE_STRINGS_H 1
| #define HAVE_INTTYPES_H 1
| #define HAVE_STDINT_H 1
| #define HAVE_UNISTD_H 1
| #define HAVE_STDLIB_H 1
| #define HAVE_STDIO_H 1
| #define HAVE_STRING_H 1
| #define HAVE_MATH_H 1
| #define HAVE_COMPLEX_H 1
| #define HAVE_LIBM 1
| #define SHTNS4MAGIC 1
| /* end confdefs.h.  */
| 
| #ifndef _OPENMP
|  choke me
| #endif
| #include <omp.h>
| int main () { return omp_get_num_threads (); }
| 
configure:4523: gcc -std=gnu99 -o conftest -O2 -I/home/wulff/local/include -L/home/wulff/local/lib -march=native -ffast-math -std=gnu99 -fopenmp   conftest.c -lm  >&5
configure:4523: $? = 0
configure:4537: result: -fopenmp
configure:4783: checking whether gcc -std=gnu99 accepts -mkl
configure:4798: gcc -std=gnu99 -c -O2 -I/home/wulff/local/include -L/home/wulff/local/lib -march=native -ffast-math -std=gnu99 -fopenmp -mkl  conftest.c >&5
gcc: error: unrecognized command line option '-mkl'
configure:4798: $? = 1
configure: failed program was:
| /* confdefs.h */
| #define PACKAGE_NAME "SHTns"
| #define PACKAGE_TARNAME "shtns"
| #define PACKAGE_VERSION "3.4.5"
| #define PACKAGE_STRING "SHTns 3.4.5"
| #define PACKAGE_BUGREPORT ""
| #define PACKAGE_URL "https://bitbucket.org/nschaeff/shtns"
| #define STDC_HEADERS 1
| #define HAVE_SYS_TYPES_H 1
| #define HAVE_SYS_STAT_H 1
| #define HAVE_STDLIB_H 1
| #define HAVE_STRING_H 1
| #define HAVE_MEMORY_H 1
| #define HAVE_STRINGS_H 1
| #define HAVE_INTTYPES_H 1
| #define HAVE_STDINT_H 1
| #define HAVE_UNISTD_H 1
| #define HAVE_STDLIB_H 1
| #define HAVE_STDIO_H 1
| #define HAVE_STRING_H 1
| #define HAVE_MATH_H 1
| #define HAVE_COMPLEX_H 1
| #define HAVE_LIBM 1
| #define SHTNS4MAGIC 1
| /* end confdefs.h.  */
| 
| int
| main ()
| {
| 
|   ;
|   return 0;
| }
configure:4821: result: no
configure:4838: checking for fftw_plan_many_dft in -lmkl_intel_lp64
configure:4863: gcc -std=gnu99 -o conftest -O2 -I/home/wulff/local/include -L/home/wulff/local/lib -march=native -ffast-math -std=gnu99 -fopenmp   -L/opt/local/intel/ps_xe-2019.4/compilers_and_libraries_2019.4.243/linux/mkl/lib/intel64 conftest.c -lmkl_intel_lp64 -Wl,--start-group -lmkl_intel_lp64 -lmkl_gnu_thread -lmkl_core -Wl,--end-group -lm  >&5
configure:4863: $? = 0
configure:4872: result: yes
configure:4877: "FFTW interface found in MKL, link with -Wl,--start-group -lmkl_intel_lp64 -lmkl_gnu_thread -lmkl_core -Wl,--end-group"
configure:5162: checking for size_t
configure:5162: gcc -std=gnu99 -c -O2 -I/home/wulff/local/include -L/home/wulff/local/lib -march=native -ffast-math -std=gnu99 -fopenmp  conftest.c >&5
configure:5162: $? = 0
configure:5162: gcc -std=gnu99 -c -O2 -I/home/wulff/local/include -L/home/wulff/local/lib -march=native -ffast-math -std=gnu99 -fopenmp  conftest.c >&5
conftest.c: In function 'main':
conftest.c:67:21: error: expected expression before ')' token
 if (sizeof ((size_t)))
                     ^
configure:5162: $? = 1
configure: failed program was:
| /* confdefs.h */
| #define PACKAGE_NAME "SHTns"
| #define PACKAGE_TARNAME "shtns"
| #define PACKAGE_VERSION "3.4.5"
| #define PACKAGE_STRING "SHTns 3.4.5"
| #define PACKAGE_BUGREPORT ""
| #define PACKAGE_URL "https://bitbucket.org/nschaeff/shtns"
| #define STDC_HEADERS 1
| #define HAVE_SYS_TYPES_H 1
| #define HAVE_SYS_STAT_H 1
| #define HAVE_STDLIB_H 1
| #define HAVE_STRING_H 1
| #define HAVE_MEMORY_H 1
| #define HAVE_STRINGS_H 1
| #define HAVE_INTTYPES_H 1
| #define HAVE_STDINT_H 1
| #define HAVE_UNISTD_H 1
| #define HAVE_STDLIB_H 1
| #define HAVE_STDIO_H 1
| #define HAVE_STRING_H 1
| #define HAVE_MATH_H 1
| #define HAVE_COMPLEX_H 1
| #define HAVE_LIBM 1
| #define SHTNS4MAGIC 1
| #define HAVE_LIBFFTW3_OMP 1
| #define SHT_F77_API 1
| #define _GCC_VEC_ 1
| #define SHTNS_ISHIOKA 1
| #define SHT_VERBOSE 1
| /* end confdefs.h.  */
| #include <stdio.h>
| #ifdef HAVE_SYS_TYPES_H
| # include <sys/types.h>
| #endif
| #ifdef HAVE_SYS_STAT_H
| # include <sys/stat.h>
| #endif
| #ifdef STDC_HEADERS
| # include <stdlib.h>
| # include <stddef.h>
| #else
| # ifdef HAVE_STDLIB_H
| #  include <stdlib.h>
| # endif
| #endif
| #ifdef HAVE_STRING_H
| # if !defined STDC_HEADERS && defined HAVE_MEMORY_H
| #  include <memory.h>
| # endif
| # include <string.h>
| #endif
| #ifdef HAVE_STRINGS_H
| # include <strings.h>
| #endif
| #ifdef HAVE_INTTYPES_H
| # include <inttypes.h>
| #endif
| #ifdef HAVE_STDINT_H
| # include <stdint.h>
| #endif
| #ifdef HAVE_UNISTD_H
| # include <unistd.h>
| #endif
| int
| main ()
| {
| if (sizeof ((size_t)))
| 	    return 0;
|   ;
|   return 0;
| }
configure:5162: result: yes
configure:5179: checking for fftw_cost
configure:5179: gcc -std=gnu99 -o conftest -O2 -I/home/wulff/local/include -L/home/wulff/local/lib -march=native -ffast-math -std=gnu99 -fopenmp   -L/opt/local/intel/ps_xe-2019.4/compilers_and_libraries_2019.4.243/linux/mkl/lib/intel64 conftest.c -Wl,--start-group -lmkl_intel_lp64 -lmkl_gnu_thread -lmkl_core -Wl,--end-group -lm  >&5
configure:5179: $? = 0
configure:5179: result: yes
configure:5190: checking for inline
configure:5206: gcc -std=gnu99 -c -O2 -I/home/wulff/local/include -L/home/wulff/local/lib -march=native -ffast-math -std=gnu99 -fopenmp  conftest.c >&5
configure:5206: $? = 0
configure:5214: result: inline
configure:5232: checking whether time.h and sys/time.h may both be included
configure:5252: gcc -std=gnu99 -c -O2 -I/home/wulff/local/include -L/home/wulff/local/lib -march=native -ffast-math -std=gnu99 -fopenmp  conftest.c >&5
configure:5252: $? = 0
configure:5259: result: yes
configure:5270: checking sys/time.h usability
configure:5270: gcc -std=gnu99 -c -O2 -I/home/wulff/local/include -L/home/wulff/local/lib -march=native -ffast-math -std=gnu99 -fopenmp  conftest.c >&5
configure:5270: $? = 0
configure:5270: result: yes
configure:5270: checking sys/time.h presence
configure:5270: gcc -std=gnu99 -E  conftest.c
configure:5270: $? = 0
configure:5270: result: yes
configure:5270: checking for sys/time.h
configure:5270: result: yes
configure:5270: checking c_asm.h usability
configure:5270: gcc -std=gnu99 -c -O2 -I/home/wulff/local/include -L/home/wulff/local/lib -march=native -ffast-math -std=gnu99 -fopenmp  conftest.c >&5
conftest.c:67:19: fatal error: c_asm.h: No such file or directory
 #include <c_asm.h>
                   ^
compilation terminated.
configure:5270: $? = 1
configure: failed program was:
| /* confdefs.h */
| #define PACKAGE_NAME "SHTns"
| #define PACKAGE_TARNAME "shtns"
| #define PACKAGE_VERSION "3.4.5"
| #define PACKAGE_STRING "SHTns 3.4.5"
| #define PACKAGE_BUGREPORT ""
| #define PACKAGE_URL "https://bitbucket.org/nschaeff/shtns"
| #define STDC_HEADERS 1
| #define HAVE_SYS_TYPES_H 1
| #define HAVE_SYS_STAT_H 1
| #define HAVE_STDLIB_H 1
| #define HAVE_STRING_H 1
| #define HAVE_MEMORY_H 1
| #define HAVE_STRINGS_H 1
| #define HAVE_INTTYPES_H 1
| #define HAVE_STDINT_H 1
| #define HAVE_UNISTD_H 1
| #define HAVE_STDLIB_H 1
| #define HAVE_STDIO_H 1
| #define HAVE_STRING_H 1
| #define HAVE_MATH_H 1
| #define HAVE_COMPLEX_H 1
| #define HAVE_LIBM 1
| #define SHTNS4MAGIC 1
| #define HAVE_LIBFFTW3_OMP 1
| #define SHT_F77_API 1
| #define _GCC_VEC_ 1
| #define SHTNS_ISHIOKA 1
| #define SHT_VERBOSE 1
| #define HAVE_FFTW_COST 1
| #define TIME_WITH_SYS_TIME 1
| #define HAVE_SYS_TIME_H 1
| /* end confdefs.h.  */
| #include <stdio.h>
| #ifdef HAVE_SYS_TYPES_H
| # include <sys/types.h>
| #endif
| #ifdef HAVE_SYS_STAT_H
| # include <sys/stat.h>
| #endif
| #ifdef STDC_HEADERS
| # include <stdlib.h>
| # include <stddef.h>
| #else
| # ifdef HAVE_STDLIB_H
| #  include <stdlib.h>
| # endif
| #endif
| #ifdef HAVE_STRING_H
| # if !defined STDC_HEADERS && defined HAVE_MEMORY_H
| #  include <memory.h>
| # endif
| # include <string.h>
| #endif
| #ifdef HAVE_STRINGS_H
| # include <strings.h>
| #endif
| #ifdef HAVE_INTTYPES_H
| # include <inttypes.h>
| #endif
| #ifdef HAVE_STDINT_H
| # include <stdint.h>
| #endif
| #ifdef HAVE_UNISTD_H
| # include <unistd.h>
| #endif
| #include <c_asm.h>
configure:5270: result: no
configure:5270: checking c_asm.h presence
configure:5270: gcc -std=gnu99 -E  conftest.c
conftest.c:34:19: fatal error: c_asm.h: No such file or directory
 #include <c_asm.h>
                   ^
compilation terminated.
configure:5270: $? = 1
configure: failed program was:
| /* confdefs.h */
| #define PACKAGE_NAME "SHTns"
| #define PACKAGE_TARNAME "shtns"
| #define PACKAGE_VERSION "3.4.5"
| #define PACKAGE_STRING "SHTns 3.4.5"
| #define PACKAGE_BUGREPORT ""
| #define PACKAGE_URL "https://bitbucket.org/nschaeff/shtns"
| #define STDC_HEADERS 1
| #define HAVE_SYS_TYPES_H 1
| #define HAVE_SYS_STAT_H 1
| #define HAVE_STDLIB_H 1
| #define HAVE_STRING_H 1
| #define HAVE_MEMORY_H 1
| #define HAVE_STRINGS_H 1
| #define HAVE_INTTYPES_H 1
| #define HAVE_STDINT_H 1
| #define HAVE_UNISTD_H 1
| #define HAVE_STDLIB_H 1
| #define HAVE_STDIO_H 1
| #define HAVE_STRING_H 1
| #define HAVE_MATH_H 1
| #define HAVE_COMPLEX_H 1
| #define HAVE_LIBM 1
| #define SHTNS4MAGIC 1
| #define HAVE_LIBFFTW3_OMP 1
| #define SHT_F77_API 1
| #define _GCC_VEC_ 1
| #define SHTNS_ISHIOKA 1
| #define SHT_VERBOSE 1
| #define HAVE_FFTW_COST 1
| #define TIME_WITH_SYS_TIME 1
| #define HAVE_SYS_TIME_H 1
| /* end confdefs.h.  */
| #include <c_asm.h>
configure:5270: result: no
configure:5270: checking for c_asm.h
configure:5270: result: no
configure:5270: checking intrinsics.h usability
configure:5270: gcc -std=gnu99 -c -O2 -I/home/wulff/local/include -L/home/wulff/local/lib -march=native -ffast-math -std=gnu99 -fopenmp  conftest.c >&5
conftest.c:67:24: fatal error: intrinsics.h: No such file or directory
 #include <intrinsics.h>
                        ^
compilation terminated.
configure:5270: $? = 1
configure: failed program was:
| /* confdefs.h */
| #define PACKAGE_NAME "SHTns"
| #define PACKAGE_TARNAME "shtns"
| #define PACKAGE_VERSION "3.4.5"
| #define PACKAGE_STRING "SHTns 3.4.5"
| #define PACKAGE_BUGREPORT ""
| #define PACKAGE_URL "https://bitbucket.org/nschaeff/shtns"
| #define STDC_HEADERS 1
| #define HAVE_SYS_TYPES_H 1
| #define HAVE_SYS_STAT_H 1
| #define HAVE_STDLIB_H 1
| #define HAVE_STRING_H 1
| #define HAVE_MEMORY_H 1
| #define HAVE_STRINGS_H 1
| #define HAVE_INTTYPES_H 1
| #define HAVE_STDINT_H 1
| #define HAVE_UNISTD_H 1
| #define HAVE_STDLIB_H 1
| #define HAVE_STDIO_H 1
| #define HAVE_STRING_H 1
| #define HAVE_MATH_H 1
| #define HAVE_COMPLEX_H 1
| #define HAVE_LIBM 1
| #define SHTNS4MAGIC 1
| #define HAVE_LIBFFTW3_OMP 1
| #define SHT_F77_API 1
| #define _GCC_VEC_ 1
| #define SHTNS_ISHIOKA 1
| #define SHT_VERBOSE 1
| #define HAVE_FFTW_COST 1
| #define TIME_WITH_SYS_TIME 1
| #define HAVE_SYS_TIME_H 1
| /* end confdefs.h.  */
| #include <stdio.h>
| #ifdef HAVE_SYS_TYPES_H
| # include <sys/types.h>
| #endif
| #ifdef HAVE_SYS_STAT_H
| # include <sys/stat.h>
| #endif
| #ifdef STDC_HEADERS
| # include <stdlib.h>
| # include <stddef.h>
| #else
| # ifdef HAVE_STDLIB_H
| #  include <stdlib.h>
| # endif
| #endif
| #ifdef HAVE_STRING_H
| # if !defined STDC_HEADERS && defined HAVE_MEMORY_H
| #  include <memory.h>
| # endif
| # include <string.h>
| #endif
| #ifdef HAVE_STRINGS_H
| # include <strings.h>
| #endif
| #ifdef HAVE_INTTYPES_H
| # include <inttypes.h>
| #endif
| #ifdef HAVE_STDINT_H
| # include <stdint.h>
| #endif
| #ifdef HAVE_UNISTD_H
| # include <unistd.h>
| #endif
| #include <intrinsics.h>
configure:5270: result: no
configure:5270: checking intrinsics.h presence
configure:5270: gcc -std=gnu99 -E  conftest.c
conftest.c:34:24: fatal error: intrinsics.h: No such file or directory
 #include <intrinsics.h>
                        ^
compilation terminated.
configure:5270: $? = 1
configure: failed program was:
| /* confdefs.h */
| #define PACKAGE_NAME "SHTns"
| #define PACKAGE_TARNAME "shtns"
| #define PACKAGE_VERSION "3.4.5"
| #define PACKAGE_STRING "SHTns 3.4.5"
| #define PACKAGE_BUGREPORT ""
| #define PACKAGE_URL "https://bitbucket.org/nschaeff/shtns"
| #define STDC_HEADERS 1
| #define HAVE_SYS_TYPES_H 1
| #define HAVE_SYS_STAT_H 1
| #define HAVE_STDLIB_H 1
| #define HAVE_STRING_H 1
| #define HAVE_MEMORY_H 1
| #define HAVE_STRINGS_H 1
| #define HAVE_INTTYPES_H 1
| #define HAVE_STDINT_H 1
| #define HAVE_UNISTD_H 1
| #define HAVE_STDLIB_H 1
| #define HAVE_STDIO_H 1
| #define HAVE_STRING_H 1
| #define HAVE_MATH_H 1
| #define HAVE_COMPLEX_H 1
| #define HAVE_LIBM 1
| #define SHTNS4MAGIC 1
| #define HAVE_LIBFFTW3_OMP 1
| #define SHT_F77_API 1
| #define _GCC_VEC_ 1
| #define SHTNS_ISHIOKA 1
| #define SHT_VERBOSE 1
| #define HAVE_FFTW_COST 1
| #define TIME_WITH_SYS_TIME 1
| #define HAVE_SYS_TIME_H 1
| /* end confdefs.h.  */
| #include <intrinsics.h>
configure:5270: result: no
configure:5270: checking for intrinsics.h
configure:5270: result: no
configure:5270: checking mach/mach_time.h usability
configure:5270: gcc -std=gnu99 -c -O2 -I/home/wulff/local/include -L/home/wulff/local/lib -march=native -ffast-math -std=gnu99 -fopenmp  conftest.c >&5
conftest.c:67:28: fatal error: mach/mach_time.h: No such file or directory
 #include <mach/mach_time.h>
                            ^
compilation terminated.
configure:5270: $? = 1
configure: failed program was:
| /* confdefs.h */
| #define PACKAGE_NAME "SHTns"
| #define PACKAGE_TARNAME "shtns"
| #define PACKAGE_VERSION "3.4.5"
| #define PACKAGE_STRING "SHTns 3.4.5"
| #define PACKAGE_BUGREPORT ""
| #define PACKAGE_URL "https://bitbucket.org/nschaeff/shtns"
| #define STDC_HEADERS 1
| #define HAVE_SYS_TYPES_H 1
| #define HAVE_SYS_STAT_H 1
| #define HAVE_STDLIB_H 1
| #define HAVE_STRING_H 1
| #define HAVE_MEMORY_H 1
| #define HAVE_STRINGS_H 1
| #define HAVE_INTTYPES_H 1
| #define HAVE_STDINT_H 1
| #define HAVE_UNISTD_H 1
| #define HAVE_STDLIB_H 1
| #define HAVE_STDIO_H 1
| #define HAVE_STRING_H 1
| #define HAVE_MATH_H 1
| #define HAVE_COMPLEX_H 1
| #define HAVE_LIBM 1
| #define SHTNS4MAGIC 1
| #define HAVE_LIBFFTW3_OMP 1
| #define SHT_F77_API 1
| #define _GCC_VEC_ 1
| #define SHTNS_ISHIOKA 1
| #define SHT_VERBOSE 1
| #define HAVE_FFTW_COST 1
| #define TIME_WITH_SYS_TIME 1
| #define HAVE_SYS_TIME_H 1
| /* end confdefs.h.  */
| #include <stdio.h>
| #ifdef HAVE_SYS_TYPES_H
| # include <sys/types.h>
| #endif
| #ifdef HAVE_SYS_STAT_H
| # include <sys/stat.h>
| #endif
| #ifdef STDC_HEADERS
| # include <stdlib.h>
| # include <stddef.h>
| #else
| # ifdef HAVE_STDLIB_H
| #  include <stdlib.h>
| # endif
| #endif
| #ifdef HAVE_STRING_H
| # if !defined STDC_HEADERS && defined HAVE_MEMORY_H
| #  include <memory.h>
| # endif
| # include <string.h>
| #endif
| #ifdef HAVE_STRINGS_H
| # include <strings.h>
| #endif
| #ifdef HAVE_INTTYPES_H
| # include <inttypes.h>
| #endif
| #ifdef HAVE_STDINT_H
| # include <stdint.h>
| #endif
| #ifdef HAVE_UNISTD_H
| # include <unistd.h>
| #endif
| #include <mach/mach_time.h>
configure:5270: result: no
configure:5270: checking mach/mach_time.h presence
configure:5270: gcc -std=gnu99 -E  conftest.c
conftest.c:34:28: fatal error: mach/mach_time.h: No such file or directory
 #include <mach/mach_time.h>
                            ^
compilation terminated.
configure:5270: $? = 1
configure: failed program was:
| /* confdefs.h */
| #define PACKAGE_NAME "SHTns"
| #define PACKAGE_TARNAME "shtns"
| #define PACKAGE_VERSION "3.4.5"
| #define PACKAGE_STRING "SHTns 3.4.5"
| #define PACKAGE_BUGREPORT ""
| #define PACKAGE_URL "https://bitbucket.org/nschaeff/shtns"
| #define STDC_HEADERS 1
| #define HAVE_SYS_TYPES_H 1
| #define HAVE_SYS_STAT_H 1
| #define HAVE_STDLIB_H 1
| #define HAVE_STRING_H 1
| #define HAVE_MEMORY_H 1
| #define HAVE_STRINGS_H 1
| #define HAVE_INTTYPES_H 1
| #define HAVE_STDINT_H 1
| #define HAVE_UNISTD_H 1
| #define HAVE_STDLIB_H 1
| #define HAVE_STDIO_H 1
| #define HAVE_STRING_H 1
| #define HAVE_MATH_H 1
| #define HAVE_COMPLEX_H 1
| #define HAVE_LIBM 1
| #define SHTNS4MAGIC 1
| #define HAVE_LIBFFTW3_OMP 1
| #define SHT_F77_API 1
| #define _GCC_VEC_ 1
| #define SHTNS_ISHIOKA 1
| #define SHT_VERBOSE 1
| #define HAVE_FFTW_COST 1
| #define TIME_WITH_SYS_TIME 1
| #define HAVE_SYS_TIME_H 1
| /* end confdefs.h.  */
| #include <mach/mach_time.h>
configure:5270: result: no
configure:5270: checking for mach/mach_time.h
configure:5270: result: no
configure:5281: checking for hrtime_t
configure:5281: gcc -std=gnu99 -c -O2 -I/home/wulff/local/include -L/home/wulff/local/lib -march=native -ffast-math -std=gnu99 -fopenmp  conftest.c >&5
conftest.c: In function 'main':
conftest.c:41:13: error: 'hrtime_t' undeclared (first use in this function)
 if (sizeof (hrtime_t))
             ^
conftest.c:41:13: note: each undeclared identifier is reported only once for each function it appears in
configure:5281: $? = 1
configure: failed program was:
| /* confdefs.h */
| #define PACKAGE_NAME "SHTns"
| #define PACKAGE_TARNAME "shtns"
| #define PACKAGE_VERSION "3.4.5"
| #define PACKAGE_STRING "SHTns 3.4.5"
| #define PACKAGE_BUGREPORT ""
| #define PACKAGE_URL "https://bitbucket.org/nschaeff/shtns"
| #define STDC_HEADERS 1
| #define HAVE_SYS_TYPES_H 1
| #define HAVE_SYS_STAT_H 1
| #define HAVE_STDLIB_H 1
| #define HAVE_STRING_H 1
| #define HAVE_MEMORY_H 1
| #define HAVE_STRINGS_H 1
| #define HAVE_INTTYPES_H 1
| #define HAVE_STDINT_H 1
| #define HAVE_UNISTD_H 1
| #define HAVE_STDLIB_H 1
| #define HAVE_STDIO_H 1
| #define HAVE_STRING_H 1
| #define HAVE_MATH_H 1
| #define HAVE_COMPLEX_H 1
| #define HAVE_LIBM 1
| #define SHTNS4MAGIC 1
| #define HAVE_LIBFFTW3_OMP 1
| #define SHT_F77_API 1
| #define _GCC_VEC_ 1
| #define SHTNS_ISHIOKA 1
| #define SHT_VERBOSE 1
| #define HAVE_FFTW_COST 1
| #define TIME_WITH_SYS_TIME 1
| #define HAVE_SYS_TIME_H 1
| /* end confdefs.h.  */
| #if HAVE_SYS_TIME_H
| #include <sys/time.h>
| #endif
| 
| int
| main ()
| {
| if (sizeof (hrtime_t))
| 	 return 0;
|   ;
|   return 0;
| }
configure:5281: result: no
configure:5295: checking for gethrtime
configure:5295: gcc -std=gnu99 -o conftest -O2 -I/home/wulff/local/include -L/home/wulff/local/lib -march=native -ffast-math -std=gnu99 -fopenmp   -L/opt/local/intel/ps_xe-2019.4/compilers_and_libraries_2019.4.243/linux/mkl/lib/intel64 conftest.c -Wl,--start-group -lmkl_intel_lp64 -lmkl_gnu_thread -lmkl_core -Wl,--end-group -lm  >&5
/usr/lib64/gcc/x86_64-suse-linux/4.8/../../../../x86_64-suse-linux/bin/ld: /tmp/ccijXv4p.o: in function `main':
conftest.c:(.text.startup+0x7): undefined reference to `gethrtime'
collect2: error: ld returned 1 exit status
configure:5295: $? = 1
configure: failed program was:
| /* confdefs.h */
| #define PACKAGE_NAME "SHTns"
| #define PACKAGE_TARNAME "shtns"
| #define PACKAGE_VERSION "3.4.5"
| #define PACKAGE_STRING "SHTns 3.4.5"
| #define PACKAGE_BUGREPORT ""
| #define PACKAGE_URL "https://bitbucket.org/nschaeff/shtns"
| #define STDC_HEADERS 1
| #define HAVE_SYS_TYPES_H 1
| #define HAVE_SYS_STAT_H 1
| #define HAVE_STDLIB_H 1
| #define HAVE_STRING_H 1
| #define HAVE_MEMORY_H 1
| #define HAVE_STRINGS_H 1
| #define HAVE_INTTYPES_H 1
| #define HAVE_STDINT_H 1
| #define HAVE_UNISTD_H 1
| #define HAVE_STDLIB_H 1
| #define HAVE_STDIO_H 1
| #define HAVE_STRING_H 1
| #define HAVE_MATH_H 1
| #define HAVE_COMPLEX_H 1
| #define HAVE_LIBM 1
| #define SHTNS4MAGIC 1
| #define HAVE_LIBFFTW3_OMP 1
| #define SHT_F77_API 1
| #define _GCC_VEC_ 1
| #define SHTNS_ISHIOKA 1
| #define SHT_VERBOSE 1
| #define HAVE_FFTW_COST 1
| #define TIME_WITH_SYS_TIME 1
| #define HAVE_SYS_TIME_H 1
| /* end confdefs.h.  */
| /* Define gethrtime to an innocuous variant, in case <limits.h> declares gethrtime.
|    For example, HP-UX 11i <limits.h> declares gettimeofday.  */
| #define gethrtime innocuous_gethrtime
| 
| /* System header to define __stub macros and hopefully few prototypes,
|     which can conflict with char gethrtime (); below.
|     Prefer <limits.h> to <assert.h> if __STDC__ is defined, since
|     <limits.h> exists even on freestanding compilers.  */
| 
| #ifdef __STDC__
| # include <limits.h>
| #else
| # include <assert.h>
| #endif
| 
| #undef gethrtime
| 
| /* Override any GCC internal prototype to avoid an error.
|    Use char because int might match the return type of a GCC
|    builtin and then its argument prototype would still apply.  */
| #ifdef __cplusplus
| extern "C"
| #endif
| char gethrtime ();
| /* The GNU C library defines this for functions which it implements
|     to always fail with ENOSYS.  Some functions are actually named
|     something starting with __ and the normal name is an alias.  */
| #if defined __stub_gethrtime || defined __stub___gethrtime
| choke me
| #endif
| 
| int
| main ()
| {
| return gethrtime ();
|   ;
|   return 0;
| }
configure:5295: result: no
configure:5295: checking for read_real_time
configure:5295: gcc -std=gnu99 -o conftest -O2 -I/home/wulff/local/include -L/home/wulff/local/lib -march=native -ffast-math -std=gnu99 -fopenmp   -L/opt/local/intel/ps_xe-2019.4/compilers_and_libraries_2019.4.243/linux/mkl/lib/intel64 conftest.c -Wl,--start-group -lmkl_intel_lp64 -lmkl_gnu_thread -lmkl_core -Wl,--end-group -lm  >&5
/usr/lib64/gcc/x86_64-suse-linux/4.8/../../../../x86_64-suse-linux/bin/ld: /tmp/cc1wYJA8.o: in function `main':
conftest.c:(.text.startup+0x7): undefined reference to `read_real_time'
collect2: error: ld returned 1 exit status
configure:5295: $? = 1
configure: failed program was:
| /* confdefs.h */
| #define PACKAGE_NAME "SHTns"
| #define PACKAGE_TARNAME "shtns"
| #define PACKAGE_VERSION "3.4.5"
| #define PACKAGE_STRING "SHTns 3.4.5"
| #define PACKAGE_BUGREPORT ""
| #define PACKAGE_URL "https://bitbucket.org/nschaeff/shtns"
| #define STDC_HEADERS 1
| #define HAVE_SYS_TYPES_H 1
| #define HAVE_SYS_STAT_H 1
| #define HAVE_STDLIB_H 1
| #define HAVE_STRING_H 1
| #define HAVE_MEMORY_H 1
| #define HAVE_STRINGS_H 1
| #define HAVE_INTTYPES_H 1
| #define HAVE_STDINT_H 1
| #define HAVE_UNISTD_H 1
| #define HAVE_STDLIB_H 1
| #define HAVE_STDIO_H 1
| #define HAVE_STRING_H 1
| #define HAVE_MATH_H 1
| #define HAVE_COMPLEX_H 1
| #define HAVE_LIBM 1
| #define SHTNS4MAGIC 1
| #define HAVE_LIBFFTW3_OMP 1
| #define SHT_F77_API 1
| #define _GCC_VEC_ 1
| #define SHTNS_ISHIOKA 1
| #define SHT_VERBOSE 1
| #define HAVE_FFTW_COST 1
| #define TIME_WITH_SYS_TIME 1
| #define HAVE_SYS_TIME_H 1
| /* end confdefs.h.  */
| /* Define read_real_time to an innocuous variant, in case <limits.h> declares read_real_time.
|    For example, HP-UX 11i <limits.h> declares gettimeofday.  */
| #define read_real_time innocuous_read_real_time
| 
| /* System header to define __stub macros and hopefully few prototypes,
|     which can conflict with char read_real_time (); below.
|     Prefer <limits.h> to <assert.h> if __STDC__ is defined, since
|     <limits.h> exists even on freestanding compilers.  */
| 
| #ifdef __STDC__
| # include <limits.h>
| #else
| # include <assert.h>
| #endif
| 
| #undef read_real_time
| 
| /* Override any GCC internal prototype to avoid an error.
|    Use char because int might match the return type of a GCC
|    builtin and then its argument prototype would still apply.  */
| #ifdef __cplusplus
| extern "C"
| #endif
| char read_real_time ();
| /* The GNU C library defines this for functions which it implements
|     to always fail with ENOSYS.  Some functions are actually named
|     something starting with __ and the normal name is an alias.  */
| #if defined __stub_read_real_time || defined __stub___read_real_time
| choke me
| #endif
| 
| int
| main ()
| {
| return read_real_time ();
|   ;
|   return 0;
| }
configure:5295: result: no
configure:5295: checking for time_base_to_time
configure:5295: gcc -std=gnu99 -o conftest -O2 -I/home/wulff/local/include -L/home/wulff/local/lib -march=native -ffast-math -std=gnu99 -fopenmp   -L/opt/local/intel/ps_xe-2019.4/compilers_and_libraries_2019.4.243/linux/mkl/lib/intel64 conftest.c -Wl,--start-group -lmkl_intel_lp64 -lmkl_gnu_thread -lmkl_core -Wl,--end-group -lm  >&5
/usr/lib64/gcc/x86_64-suse-linux/4.8/../../../../x86_64-suse-linux/bin/ld: /tmp/cceJbe8B.o: in function `main':
conftest.c:(.text.startup+0x7): undefined reference to `time_base_to_time'
collect2: error: ld returned 1 exit status
configure:5295: $? = 1
configure: failed program was:
| /* confdefs.h */
| #define PACKAGE_NAME "SHTns"
| #define PACKAGE_TARNAME "shtns"
| #define PACKAGE_VERSION "3.4.5"
| #define PACKAGE_STRING "SHTns 3.4.5"
| #define PACKAGE_BUGREPORT ""
| #define PACKAGE_URL "https://bitbucket.org/nschaeff/shtns"
| #define STDC_HEADERS 1
| #define HAVE_SYS_TYPES_H 1
| #define HAVE_SYS_STAT_H 1
| #define HAVE_STDLIB_H 1
| #define HAVE_STRING_H 1
| #define HAVE_MEMORY_H 1
| #define HAVE_STRINGS_H 1
| #define HAVE_INTTYPES_H 1
| #define HAVE_STDINT_H 1
| #define HAVE_UNISTD_H 1
| #define HAVE_STDLIB_H 1
| #define HAVE_STDIO_H 1
| #define HAVE_STRING_H 1
| #define HAVE_MATH_H 1
| #define HAVE_COMPLEX_H 1
| #define HAVE_LIBM 1
| #define SHTNS4MAGIC 1
| #define HAVE_LIBFFTW3_OMP 1
| #define SHT_F77_API 1
| #define _GCC_VEC_ 1
| #define SHTNS_ISHIOKA 1
| #define SHT_VERBOSE 1
| #define HAVE_FFTW_COST 1
| #define TIME_WITH_SYS_TIME 1
| #define HAVE_SYS_TIME_H 1
| /* end confdefs.h.  */
| /* Define time_base_to_time to an innocuous variant, in case <limits.h> declares time_base_to_time.
|    For example, HP-UX 11i <limits.h> declares gettimeofday.  */
| #define time_base_to_time innocuous_time_base_to_time
| 
| /* System header to define __stub macros and hopefully few prototypes,
|     which can conflict with char time_base_to_time (); below.
|     Prefer <limits.h> to <assert.h> if __STDC__ is defined, since
|     <limits.h> exists even on freestanding compilers.  */
| 
| #ifdef __STDC__
| # include <limits.h>
| #else
| # include <assert.h>
| #endif
| 
| #undef time_base_to_time
| 
| /* Override any GCC internal prototype to avoid an error.
|    Use char because int might match the return type of a GCC
|    builtin and then its argument prototype would still apply.  */
| #ifdef __cplusplus
| extern "C"
| #endif
| char time_base_to_time ();
| /* The GNU C library defines this for functions which it implements
|     to always fail with ENOSYS.  Some functions are actually named
|     something starting with __ and the normal name is an alias.  */
| #if defined __stub_time_base_to_time || defined __stub___time_base_to_time
| choke me
| #endif
| 
| int
| main ()
| {
| return time_base_to_time ();
|   ;
|   return 0;
| }
configure:5295: result: no
configure:5295: checking for clock_gettime
configure:5295: gcc -std=gnu99 -o conftest -O2 -I/home/wulff/local/include -L/home/wulff/local/lib -march=native -ffast-math -std=gnu99 -fopenmp   -L/opt/local/intel/ps_xe-2019.4/compilers_and_libraries_2019.4.243/linux/mkl/lib/intel64 conftest.c -Wl,--start-group -lmkl_intel_lp64 -lmkl_gnu_thread -lmkl_core -Wl,--end-group -lm  >&5
configure:5295: $? = 0
configure:5295: result: yes
configure:5295: checking for mach_absolute_time
configure:5295: gcc -std=gnu99 -o conftest -O2 -I/home/wulff/local/include -L/home/wulff/local/lib -march=native -ffast-math -std=gnu99 -fopenmp   -L/opt/local/intel/ps_xe-2019.4/compilers_and_libraries_2019.4.243/linux/mkl/lib/intel64 conftest.c -Wl,--start-group -lmkl_intel_lp64 -lmkl_gnu_thread -lmkl_core -Wl,--end-group -lm  >&5
/usr/lib64/gcc/x86_64-suse-linux/4.8/../../../../x86_64-suse-linux/bin/ld: /tmp/ccRgpGER.o: in function `main':
conftest.c:(.text.startup+0x7): undefined reference to `mach_absolute_time'
collect2: error: ld returned 1 exit status
configure:5295: $? = 1
configure: failed program was:
| /* confdefs.h */
| #define PACKAGE_NAME "SHTns"
| #define PACKAGE_TARNAME "shtns"
| #define PACKAGE_VERSION "3.4.5"
| #define PACKAGE_STRING "SHTns 3.4.5"
| #define PACKAGE_BUGREPORT ""
| #define PACKAGE_URL "https://bitbucket.org/nschaeff/shtns"
| #define STDC_HEADERS 1
| #define HAVE_SYS_TYPES_H 1
| #define HAVE_SYS_STAT_H 1
| #define HAVE_STDLIB_H 1
| #define HAVE_STRING_H 1
| #define HAVE_MEMORY_H 1
| #define HAVE_STRINGS_H 1
| #define HAVE_INTTYPES_H 1
| #define HAVE_STDINT_H 1
| #define HAVE_UNISTD_H 1
| #define HAVE_STDLIB_H 1
| #define HAVE_STDIO_H 1
| #define HAVE_STRING_H 1
| #define HAVE_MATH_H 1
| #define HAVE_COMPLEX_H 1
| #define HAVE_LIBM 1
| #define SHTNS4MAGIC 1
| #define HAVE_LIBFFTW3_OMP 1
| #define SHT_F77_API 1
| #define _GCC_VEC_ 1
| #define SHTNS_ISHIOKA 1
| #define SHT_VERBOSE 1
| #define HAVE_FFTW_COST 1
| #define TIME_WITH_SYS_TIME 1
| #define HAVE_SYS_TIME_H 1
| #define HAVE_CLOCK_GETTIME 1
| /* end confdefs.h.  */
| /* Define mach_absolute_time to an innocuous variant, in case <limits.h> declares mach_absolute_time.
|    For example, HP-UX 11i <limits.h> declares gettimeofday.  */
| #define mach_absolute_time innocuous_mach_absolute_time
| 
| /* System header to define __stub macros and hopefully few prototypes,
|     which can conflict with char mach_absolute_time (); below.
|     Prefer <limits.h> to <assert.h> if __STDC__ is defined, since
|     <limits.h> exists even on freestanding compilers.  */
| 
| #ifdef __STDC__
| # include <limits.h>
| #else
| # include <assert.h>
| #endif
| 
| #undef mach_absolute_time
| 
| /* Override any GCC internal prototype to avoid an error.
|    Use char because int might match the return type of a GCC
|    builtin and then its argument prototype would still apply.  */
| #ifdef __cplusplus
| extern "C"
| #endif
| char mach_absolute_time ();
| /* The GNU C library defines this for functions which it implements
|     to always fail with ENOSYS.  Some functions are actually named
|     something starting with __ and the normal name is an alias.  */
| #if defined __stub_mach_absolute_time || defined __stub___mach_absolute_time
| choke me
| #endif
| 
| int
| main ()
| {
| return mach_absolute_time ();
|   ;
|   return 0;
| }
configure:5295: result: no
configure:5305: checking for _rtc intrinsic
configure:5321: gcc -std=gnu99 -o conftest -O2 -I/home/wulff/local/include -L/home/wulff/local/lib -march=native -ffast-math -std=gnu99 -fopenmp   -L/opt/local/intel/ps_xe-2019.4/compilers_and_libraries_2019.4.243/linux/mkl/lib/intel64 conftest.c -Wl,--start-group -lmkl_intel_lp64 -lmkl_gnu_thread -lmkl_core -Wl,--end-group -lm  >&5
conftest.c: In function 'main':
conftest.c:41:1: warning: implicit declaration of function '_rtc' [-Wimplicit-function-declaration]
 _rtc()
 ^
/usr/lib64/gcc/x86_64-suse-linux/4.8/../../../../x86_64-suse-linux/bin/ld: /tmp/ccSJZ16y.o: in function `main':
conftest.c:(.text.startup+0x7): undefined reference to `_rtc'
collect2: error: ld returned 1 exit status
configure:5321: $? = 1
configure: failed program was:
| /* confdefs.h */
| #define PACKAGE_NAME "SHTns"
| #define PACKAGE_TARNAME "shtns"
| #define PACKAGE_VERSION "3.4.5"
| #define PACKAGE_STRING "SHTns 3.4.5"
| #define PACKAGE_BUGREPORT ""
| #define PACKAGE_URL "https://bitbucket.org/nschaeff/shtns"
| #define STDC_HEADERS 1
| #define HAVE_SYS_TYPES_H 1
| #define HAVE_SYS_STAT_H 1
| #define HAVE_STDLIB_H 1
| #define HAVE_STRING_H 1
| #define HAVE_MEMORY_H 1
| #define HAVE_STRINGS_H 1
| #define HAVE_INTTYPES_H 1
| #define HAVE_STDINT_H 1
| #define HAVE_UNISTD_H 1
| #define HAVE_STDLIB_H 1
| #define HAVE_STDIO_H 1
| #define HAVE_STRING_H 1
| #define HAVE_MATH_H 1
| #define HAVE_COMPLEX_H 1
| #define HAVE_LIBM 1
| #define SHTNS4MAGIC 1
| #define HAVE_LIBFFTW3_OMP 1
| #define SHT_F77_API 1
| #define _GCC_VEC_ 1
| #define SHTNS_ISHIOKA 1
| #define SHT_VERBOSE 1
| #define HAVE_FFTW_COST 1
| #define TIME_WITH_SYS_TIME 1
| #define HAVE_SYS_TIME_H 1
| #define HAVE_CLOCK_GETTIME 1
| /* end confdefs.h.  */
| #ifdef HAVE_INTRINSICS_H
| #include <intrinsics.h>
| #endif
| int
| main ()
| {
| _rtc()
|   ;
|   return 0;
| }
configure:5330: result: no
configure:5388: checking for gfortran
configure:5404: found /usr/bin/gfortran
configure:5415: result: gfortran
configure:5441: checking for Fortran compiler version
configure:5450: gfortran --version >&5
GNU Fortran (SUSE Linux) 4.8.5
Copyright (C) 2015 Free Software Foundation, Inc.

GNU Fortran comes with NO WARRANTY, to the extent permitted by law.
You may redistribute copies of GNU Fortran
under the terms of the GNU General Public License.
For more information about these matters, see the file named COPYING

configure:5461: $? = 0
configure:5450: gfortran -v >&5
Using built-in specs.
COLLECT_GCC=gfortran
COLLECT_LTO_WRAPPER=/usr/lib64/gcc/x86_64-suse-linux/4.8/lto-wrapper
Target: x86_64-suse-linux
Configured with: ../configure --prefix=/usr --infodir=/usr/share/info --mandir=/usr/share/man --libdir=/usr/lib64 --libexecdir=/usr/lib64 --enable-languages=c,c++,objc,fortran,obj-c++,java,ada --enable-checking=release --with-gxx-include-dir=/usr/include/c++/4.8 --enable-ssp --disable-libssp --disable-plugin --with-bugurl=https://bugs.opensuse.org/ --with-pkgversion='SUSE Linux' --disable-libgcj --disable-libmudflap --with-slibdir=/lib64 --with-system-zlib --enable-__cxa_atexit --enable-libstdcxx-allocator=new --disable-libstdcxx-pch --enable-version-specific-runtime-libs --enable-linker-build-id --enable-linux-futex --program-suffix=-4.8 --without-system-libunwind --with-arch-32=i586 --with-tune=generic --build=x86_64-suse-linux --host=x86_64-suse-linux
Thread model: posix
gcc version 4.8.5 (SUSE Linux) 
configure:5461: $? = 0
configure:5450: gfortran -V >&5
gfortran: error: unrecognized command line option '-V'
gfortran: fatal error: no input files
compilation terminated.
configure:5461: $? = 1
configure:5450: gfortran -qversion >&5
gfortran: error: unrecognized command line option '-qversion'
gfortran: fatal error: no input files
compilation terminated.
configure:5461: $? = 1
configure:5470: checking whether we are using the GNU Fortran compiler
configure:5483: gfortran -c   conftest.F >&5
configure:5483: $? = 0
configure:5492: result: yes
configure:5498: checking whether gfortran accepts -g
configure:5509: gfortran -c -g  conftest.f >&5
configure:5509: $? = 0
configure:5517: result: yes
configure:5673: creating ./config.status

## ---------------------- ##
## Running config.status. ##
## ---------------------- ##

This file was extended by SHTns config.status 3.4.5, which was
generated by GNU Autoconf 2.69.  Invocation command line was

  CONFIG_FILES    = 
  CONFIG_HEADERS  = 
  CONFIG_LINKS    = 
  CONFIG_COMMANDS = 
  $ ./config.status 

on helios2

config.status:831: creating Makefile
config.status:831: creating setup.py
config.status:831: creating sht_config.h
config.status:1001: sht_config.h is unchanged

## ---------------- ##
## Cache variables. ##
## ---------------- ##

ac_cv_c_compiler_gnu=yes
ac_cv_c_inline=inline
ac_cv_env_CC_set=
ac_cv_env_CC_value=
ac_cv_env_CFLAGS_set=
ac_cv_env_CFLAGS_value=
ac_cv_env_CPPFLAGS_set=
ac_cv_env_CPPFLAGS_value=
ac_cv_env_CPP_set=
ac_cv_env_CPP_value=
ac_cv_env_FCFLAGS_set=
ac_cv_env_FCFLAGS_value=
ac_cv_env_FC_set=
ac_cv_env_FC_value=
ac_cv_env_LDFLAGS_set=
ac_cv_env_LDFLAGS_value=
ac_cv_env_LIBS_set=
ac_cv_env_LIBS_value=
ac_cv_env_PYTHON_set=
ac_cv_env_PYTHON_value=
ac_cv_env_build_alias_set=
ac_cv_env_build_alias_value=
ac_cv_env_host_alias_set=
ac_cv_env_host_alias_value=
ac_cv_env_target_alias_set=
ac_cv_env_target_alias_value=
ac_cv_fc_compiler_gnu=yes
ac_cv_func_clock_gettime=yes
ac_cv_func_fftw_cost=yes
ac_cv_func_gethrtime=no
ac_cv_func_mach_absolute_time=no
ac_cv_func_read_real_time=no
ac_cv_func_time_base_to_time=no
ac_cv_header_c_asm_h=no
ac_cv_header_complex_h=yes
ac_cv_header_intrinsics_h=no
ac_cv_header_inttypes_h=yes
ac_cv_header_mach_mach_time_h=no
ac_cv_header_math_h=yes
ac_cv_header_memory_h=yes
ac_cv_header_stdc=yes
ac_cv_header_stdint_h=yes
ac_cv_header_stdio_h=yes
ac_cv_header_stdlib_h=yes
ac_cv_header_string_h=yes
ac_cv_header_strings_h=yes
ac_cv_header_sys_stat_h=yes
ac_cv_header_sys_time_h=yes
ac_cv_header_sys_types_h=yes
ac_cv_header_time=yes
ac_cv_header_unistd_h=yes
ac_cv_lib_m_cos=yes
ac_cv_lib_mkl_intel_lp64_fftw_plan_many_dft=yes
ac_cv_objext=o
ac_cv_path_EGREP='/usr/bin/grep -E'
ac_cv_path_GREP=/usr/bin/grep
ac_cv_path_SED=/usr/bin/sed
ac_cv_prog_CPP='gcc -std=gnu99 -E'
ac_cv_prog_ac_ct_CC=gcc
ac_cv_prog_ac_ct_FC=gfortran
ac_cv_prog_c_openmp=-fopenmp
ac_cv_prog_cc_c89=
ac_cv_prog_cc_c99=-std=gnu99
ac_cv_prog_cc_g=yes
ac_cv_prog_fc_g=yes
ac_cv_type_hrtime_t=no
ac_cv_type_size_t=yes

## ----------------- ##
## Output variables. ##
## ----------------- ##

CC2='gcc'
CC='gcc -std=gnu99'
CFLAGS2='-O2 -I/home/wulff/local/include -L/home/wulff/local/lib -march=native -O3 -ffast-math -std=gnu99 -fno-tree-loop-distribute-patterns -mno-vzeroupper'
CFLAGS='-O2 -I/home/wulff/local/include -L/home/wulff/local/lib -march=native -ffast-math -std=gnu99 -fopenmp'
CPP='gcc -std=gnu99 -E'
CPPFLAGS=''
DEFS='-DHAVE_CONFIG_H'
ECHO_C=''
ECHO_N='-n'
ECHO_T=''
EGREP='/usr/bin/grep -E'
EXEEXT=''
FC='gfortran'
FCFLAGS='-g -O2'
FFLAGS='-O2 -I/home/wulff/local/include -L/home/wulff/local/lib'
GREP='/usr/bin/grep'
LDFLAGS=' -L/opt/local/intel/ps_xe-2019.4/compilers_and_libraries_2019.4.243/linux/mkl/lib/intel64'
LIBOBJS=''
LIBS='-Wl,--start-group -lmkl_intel_lp64 -lmkl_gnu_thread -lmkl_core -Wl,--end-group -lm '
LTLIBOBJS=''
OBJEXT='o'
OPENMP_CFLAGS='-fopenmp'
PACKAGE_BUGREPORT=''
PACKAGE_NAME='SHTns'
PACKAGE_STRING='SHTns 3.4.5'
PACKAGE_TARNAME='shtns'
PACKAGE_URL='https://bitbucket.org/nschaeff/shtns'
PACKAGE_VERSION='3.4.5'
PATH_SEPARATOR=':'
PYTHON=''
SED='/usr/bin/sed'
SHELL='/bin/sh'
ac_ct_CC='gcc'
ac_ct_FC='gfortran'
bindir='${exec_prefix}/bin'
build_alias=''
datadir='${datarootdir}'
datarootdir='${prefix}/share'
docdir='${datarootdir}/doc/${PACKAGE_TARNAME}'
dvidir='${docdir}'
exec_prefix='${prefix}'
host_alias=''
htmldir='${docdir}'
includedir='${prefix}/include'
infodir='${datarootdir}/info'
install='install-lib'
libdir='${exec_prefix}/lib'
libexecdir='${exec_prefix}/libexec'
libname='libshtns_omp.a'
localedir='${datarootdir}/locale'
localstatedir='${prefix}/var'
mandir='${datarootdir}/man'
numpy_inc=''
nvcc_flags='-Xcompiler -fopenmp'
objs='sht_fly.o sht_omp.o'
oldincludedir='/usr/include'
pdfdir='${docdir}'
prefix='/home/wulff/local'
program_transform_name='s,x,x,'
psdir='${docdir}'
python_inc=''
sbindir='${exec_prefix}/sbin'
sharedstatedir='${prefix}/com'
sysconfdir='${prefix}/etc'
target='libshtns_omp.a'
target_alias=''

## ----------- ##
## confdefs.h. ##
## ----------- ##

/* confdefs.h */
#define PACKAGE_NAME "SHTns"
#define PACKAGE_TARNAME "shtns"
#define PACKAGE_VERSION "3.4.5"
#define PACKAGE_STRING "SHTns 3.4.5"
#define PACKAGE_BUGREPORT ""
#define PACKAGE_URL "https://bitbucket.org/nschaeff/shtns"
#define STDC_HEADERS 1
#define HAVE_SYS_TYPES_H 1
#define HAVE_SYS_STAT_H 1
#define HAVE_STDLIB_H 1
#define HAVE_STRING_H 1
#define HAVE_MEMORY_H 1
#define HAVE_STRINGS_H 1
#define HAVE_INTTYPES_H 1
#define HAVE_STDINT_H 1
#define HAVE_UNISTD_H 1
#define HAVE_STDLIB_H 1
#define HAVE_STDIO_H 1
#define HAVE_STRING_H 1
#define HAVE_MATH_H 1
#define HAVE_COMPLEX_H 1
#define HAVE_LIBM 1
#define SHTNS4MAGIC 1
#define HAVE_LIBFFTW3_OMP 1
#define SHT_F77_API 1
#define _GCC_VEC_ 1
#define SHTNS_ISHIOKA 1
#define SHT_VERBOSE 1
#define HAVE_FFTW_COST 1
#define TIME_WITH_SYS_TIME 1
#define HAVE_SYS_TIME_H 1
#define HAVE_CLOCK_GETTIME 1

configure: exit 0
